<?xml version="1.0" encoding="UTF-8"?>
<testng-results ignored="0" total="1" passed="1" failed="0" skipped="0">
  <reporter-output>
  </reporter-output>
  <suite started-at="2024-03-13T15:01:15 IST" name="Default suite" finished-at="2024-03-13T15:01:24 IST" duration-ms="8137">
    <groups>
    </groups>
    <test started-at="2024-03-13T15:01:15 IST" name="Default test" finished-at="2024-03-13T15:01:24 IST" duration-ms="8137">
      <class name="testScripts.AddCategoryTest">
        <test-method is-config="true" signature="classConfig()[pri:0, instance:testScripts.AddCategoryTest@7b2bbc3]" started-at="2024-03-13T15:01:16 IST" name="classConfig" finished-at="2024-03-13T15:01:17 IST" duration-ms="1354" status="PASS">
          <reporter-output>
          </reporter-output>
        </test-method> <!-- classConfig -->
        <test-method is-config="true" signature="methodConfig()[pri:0, instance:testScripts.AddCategoryTest@7b2bbc3]" started-at="2024-03-13T15:01:17 IST" name="methodConfig" finished-at="2024-03-13T15:01:19 IST" duration-ms="2269" status="PASS">
          <reporter-output>
          </reporter-output>
        </test-method> <!-- methodConfig -->
        <test-method signature="addCategoryTest()[pri:0, instance:testScripts.AddCategoryTest@7b2bbc3]" started-at="2024-03-13T15:01:19 IST" name="addCategoryTest" finished-at="2024-03-13T15:01:23 IST" duration-ms="3684" status="PASS">
          <reporter-output>
          </reporter-output>
        </test-method> <!-- addCategoryTest -->
        <test-method is-config="true" signature="methodTeardown()[pri:0, instance:testScripts.AddCategoryTest@7b2bbc3]" started-at="2024-03-13T15:01:23 IST" name="methodTeardown" finished-at="2024-03-13T15:01:23 IST" duration-ms="582" status="PASS">
          <reporter-output>
          </reporter-output>
        </test-method> <!-- methodTeardown -->
        <test-method is-config="true" signature="classTeardown()[pri:0, instance:testScripts.AddCategoryTest@7b2bbc3]" started-at="2024-03-13T15:01:23 IST" name="classTeardown" finished-at="2024-03-13T15:01:24 IST" duration-ms="184" status="PASS">
          <reporter-output>
          </reporter-output>
        </test-method> <!-- classTeardown -->
      </class> <!-- testScripts.AddCategoryTest -->
    </test> <!-- Default test -->
  </suite> <!-- Default suite -->
</testng-results>
